EDA Netlist Writer report for FPGA_clock
Wed Jan 15 23:53:59 2014
Quartus II 64-Bit Version 13.1.0 Build 162 10/23/2013 SJ Web Edition


---------------------
; Table of Contents ;
---------------------
  1. Legal Notice
  2. EDA Netlist Writer Summary
  3. Simulation Settings
  4. Simulation Generated Files
  5. EDA Netlist Writer Messages



----------------
; Legal Notice ;
----------------
Copyright (C) 1991-2013 Altera Corporation
Your use of Altera Corporation's design tools, logic functions 
and other software and tools, and its AMPP partner logic 
functions, and any output files from any of the foregoing 
(including device programming or simulation files), and any 
associated documentation or information are expressly subject 
to the terms and conditions of the Altera Program License 
Subscription Agreement, Altera MegaCore Function License 
Agreement, or other applicable license agreement, including, 
without limitation, that your use is for the sole purpose of 
programming logic devices manufactured by Altera and sold by 
Altera or its authorized distributors.  Please refer to the 
applicable agreement for further details.



+-------------------------------------------------------------------+
; EDA Netlist Writer Summary                                        ;
+---------------------------+---------------------------------------+
; EDA Netlist Writer Status ; Successful - Wed Jan 15 23:53:59 2014 ;
; Revision Name             ; FPGA_clock                            ;
; Top-level Entity Name     ; DE0_Nano                              ;
; Family                    ; Cyclone IV E                          ;
; Simulation Files Creation ; Successful                            ;
+---------------------------+---------------------------------------+


+-------------------------------------------------------------------------------------------------------------------------------+
; Simulation Settings                                                                                                           ;
+---------------------------------------------------------------------------------------------------+---------------------------+
; Option                                                                                            ; Setting                   ;
+---------------------------------------------------------------------------------------------------+---------------------------+
; Tool Name                                                                                         ; ModelSim-Altera (Verilog) ;
; Generate netlist for functional simulation only                                                   ; Off                       ;
; Time scale                                                                                        ; 10 ps                     ;
; Truncate long hierarchy paths                                                                     ; Off                       ;
; Map illegal HDL characters                                                                        ; Off                       ;
; Flatten buses into individual nodes                                                               ; Off                       ;
; Maintain hierarchy                                                                                ; Off                       ;
; Bring out device-wide set/reset signals as ports                                                  ; Off                       ;
; Enable glitch filtering                                                                           ; Off                       ;
; Do not write top level VHDL entity                                                                ; Off                       ;
; Disable detection of setup and hold time violations in the input registers of bi-directional pins ; Off                       ;
; Architecture name in VHDL output netlist                                                          ; structure                 ;
; Generate third-party EDA tool command script for RTL functional simulation                        ; Off                       ;
; Generate third-party EDA tool command script for gate-level simulation                            ; Off                       ;
+---------------------------------------------------------------------------------------------------+---------------------------+


+-----------------------------------------------------------------------------------------------------------+
; Simulation Generated Files                                                                                ;
+-----------------------------------------------------------------------------------------------------------+
; Generated Files                                                                                           ;
+-----------------------------------------------------------------------------------------------------------+
; /home/brandon/Dropbox/engineering/FPGA clock/FPGA/simulation/modelsim/FPGA_clock_6_1200mv_85c_slow.vo     ;
; /home/brandon/Dropbox/engineering/FPGA clock/FPGA/simulation/modelsim/FPGA_clock_6_1200mv_0c_slow.vo      ;
; /home/brandon/Dropbox/engineering/FPGA clock/FPGA/simulation/modelsim/FPGA_clock_min_1200mv_0c_fast.vo    ;
; /home/brandon/Dropbox/engineering/FPGA clock/FPGA/simulation/modelsim/FPGA_clock.vo                       ;
; /home/brandon/Dropbox/engineering/FPGA clock/FPGA/simulation/modelsim/FPGA_clock_6_1200mv_85c_v_slow.sdo  ;
; /home/brandon/Dropbox/engineering/FPGA clock/FPGA/simulation/modelsim/FPGA_clock_6_1200mv_0c_v_slow.sdo   ;
; /home/brandon/Dropbox/engineering/FPGA clock/FPGA/simulation/modelsim/FPGA_clock_min_1200mv_0c_v_fast.sdo ;
; /home/brandon/Dropbox/engineering/FPGA clock/FPGA/simulation/modelsim/FPGA_clock_v.sdo                    ;
+-----------------------------------------------------------------------------------------------------------+


+-----------------------------+
; EDA Netlist Writer Messages ;
+-----------------------------+
Info: *******************************************************************
Info: Running Quartus II 64-Bit EDA Netlist Writer
    Info: Version 13.1.0 Build 162 10/23/2013 SJ Web Edition
    Info: Processing started: Wed Jan 15 23:53:57 2014
Info: Command: quartus_eda --read_settings_files=off --write_settings_files=off FPGA_clock -c FPGA_clock
Warning (202000): An incorrect timescale is selected for the Verilog Output (.VO) file of this PLL design. It's required that the timescale should be 1 ps when simulating a PLL design in a third party EDA tool.
Info (204019): Generated file FPGA_clock_6_1200mv_85c_slow.vo in folder "/home/brandon/Dropbox/engineering/FPGA clock/FPGA/simulation/modelsim/" for EDA simulation tool
Warning (202000): An incorrect timescale is selected for the Verilog Output (.VO) file of this PLL design. It's required that the timescale should be 1 ps when simulating a PLL design in a third party EDA tool.
Info (204019): Generated file FPGA_clock_6_1200mv_0c_slow.vo in folder "/home/brandon/Dropbox/engineering/FPGA clock/FPGA/simulation/modelsim/" for EDA simulation tool
Warning (202000): An incorrect timescale is selected for the Verilog Output (.VO) file of this PLL design. It's required that the timescale should be 1 ps when simulating a PLL design in a third party EDA tool.
Info (204019): Generated file FPGA_clock_min_1200mv_0c_fast.vo in folder "/home/brandon/Dropbox/engineering/FPGA clock/FPGA/simulation/modelsim/" for EDA simulation tool
Warning (202000): An incorrect timescale is selected for the Verilog Output (.VO) file of this PLL design. It's required that the timescale should be 1 ps when simulating a PLL design in a third party EDA tool.
Info (204019): Generated file FPGA_clock.vo in folder "/home/brandon/Dropbox/engineering/FPGA clock/FPGA/simulation/modelsim/" for EDA simulation tool
Info (204019): Generated file FPGA_clock_6_1200mv_85c_v_slow.sdo in folder "/home/brandon/Dropbox/engineering/FPGA clock/FPGA/simulation/modelsim/" for EDA simulation tool
Info (204019): Generated file FPGA_clock_6_1200mv_0c_v_slow.sdo in folder "/home/brandon/Dropbox/engineering/FPGA clock/FPGA/simulation/modelsim/" for EDA simulation tool
Info (204019): Generated file FPGA_clock_min_1200mv_0c_v_fast.sdo in folder "/home/brandon/Dropbox/engineering/FPGA clock/FPGA/simulation/modelsim/" for EDA simulation tool
Info (204019): Generated file FPGA_clock_v.sdo in folder "/home/brandon/Dropbox/engineering/FPGA clock/FPGA/simulation/modelsim/" for EDA simulation tool
Info: Quartus II 64-Bit EDA Netlist Writer was successful. 0 errors, 4 warnings
    Info: Peak virtual memory: 872 megabytes
    Info: Processing ended: Wed Jan 15 23:53:59 2014
    Info: Elapsed time: 00:00:02
    Info: Total CPU time (on all processors): 00:00:02


